DEBUG 2022-02-17 20:16:45,235 views 23972 21516 data has been serialized....
DEBUG 2022-02-17 20:16:45,239 views 23972 21516 prepared......
DEBUG 2022-02-17 20:17:56,032 views 6060 2584 data has been serialized....
DEBUG 2022-02-17 20:17:56,033 views 6060 2584 prepared......
DEBUG 2022-02-17 20:19:24,612 views 26016 27596 data has been serialized....
DEBUG 2022-02-17 20:19:24,613 views 26016 27596 prepared......
DEBUG 2022-02-17 20:24:43,720 views 25556 23584 data has been serialized....
DEBUG 2022-02-17 20:24:43,721 views 25556 23584 prepared......
DEBUG 2022-02-17 22:04:41,971 views 10592 29876 data has been serialized....
DEBUG 2022-02-17 22:04:41,972 views 10592 29876 prepared......
DEBUG 2022-02-17 22:08:51,327 views 27892 27988 data has been serialized....
DEBUG 2022-02-17 22:08:51,329 views 27892 27988 prepared......
DEBUG 2022-02-17 22:09:25,106 views 27892 17788 data has been serialized....
DEBUG 2022-02-17 22:09:25,106 views 27892 17788 prepared......
DEBUG 2022-02-17 22:09:47,367 views 27892 15580 data has been serialized....
DEBUG 2022-02-17 22:09:47,368 views 27892 15580 prepared......
DEBUG 2022-02-17 22:10:12,390 views 27892 31680 data has been serialized....
DEBUG 2022-02-17 22:10:12,390 views 27892 31680 prepared......
DEBUG 2022-02-17 22:10:16,062 views 27892 28204 data has been serialized....
DEBUG 2022-02-17 22:10:16,063 views 27892 28204 prepared......
DEBUG 2022-02-17 22:11:32,293 views 27892 29508 data has been serialized....
DEBUG 2022-02-17 22:11:32,293 views 27892 29508 prepared......
DEBUG 2022-02-17 22:11:35,082 views 27892 10104 data has been serialized....
DEBUG 2022-02-17 22:11:35,083 views 27892 10104 prepared......
DEBUG 2022-02-17 22:11:56,561 views 27892 15024 data has been serialized....
DEBUG 2022-02-17 22:11:56,562 views 27892 15024 prepared......
DEBUG 2022-02-17 22:14:16,288 views 27892 13496 data has been serialized....
DEBUG 2022-02-17 22:14:16,289 views 27892 13496 prepared......
DEBUG 2022-02-17 22:16:09,242 views 11200 22444 data has been serialized....
DEBUG 2022-02-17 22:16:09,242 views 11200 22444 prepared......
DEBUG 2022-02-17 22:21:22,658 views 11200 24752 data has been serialized....
DEBUG 2022-02-17 22:21:22,659 views 11200 24752 prepared......
DEBUG 2022-02-17 22:21:29,410 views 11200 10280 data has been serialized....
DEBUG 2022-02-17 22:21:29,411 views 11200 10280 prepared......
DEBUG 2022-02-17 22:23:55,832 views 11200 18212 data has been serialized....
DEBUG 2022-02-17 22:23:55,833 views 11200 18212 prepared......
DEBUG 2022-02-17 22:25:24,419 views 11200 24768 data has been serialized....
DEBUG 2022-02-17 22:25:24,420 views 11200 24768 prepared......
DEBUG 2022-02-17 22:27:50,232 views 11200 23084 data has been serialized....
DEBUG 2022-02-17 22:27:50,233 views 11200 23084 prepared......
DEBUG 2022-02-17 22:28:13,218 views 11200 27440 data has been serialized....
DEBUG 2022-02-17 22:28:13,218 views 11200 27440 prepared......
DEBUG 2022-02-17 22:28:25,458 views 11200 19700 data has been serialized....
DEBUG 2022-02-17 22:28:25,458 views 11200 19700 prepared......
DEBUG 2022-02-17 22:28:29,833 views 11200 15352 data has been serialized....
DEBUG 2022-02-17 22:28:29,833 views 11200 15352 prepared......
DEBUG 2022-02-17 22:29:52,684 views 11200 7524 data has been serialized....
DEBUG 2022-02-17 22:29:52,684 views 11200 7524 prepared......
DEBUG 2022-02-17 22:31:12,298 views 11200 30792 data has been serialized....
DEBUG 2022-02-17 22:31:12,299 views 11200 30792 prepared......
DEBUG 2022-02-17 22:34:23,246 views 25640 22136 data has been serialized....
DEBUG 2022-02-17 22:34:23,247 views 25640 22136 prepared......
DEBUG 2022-02-17 22:34:27,897 views 25640 28108 data has been serialized....
DEBUG 2022-02-17 22:34:27,898 views 25640 28108 prepared......
DEBUG 2022-02-17 22:35:41,825 views 6488 16372 data has been serialized....
DEBUG 2022-02-17 22:35:41,826 views 6488 16372 prepared......
DEBUG 2022-02-17 22:36:14,031 views 29464 4896 data has been serialized....
DEBUG 2022-02-17 22:36:14,031 views 29464 4896 prepared......
DEBUG 2022-02-17 22:37:07,973 views 17392 16020 data has been serialized....
DEBUG 2022-02-17 22:37:07,974 views 17392 16020 prepared......
DEBUG 2022-02-17 22:39:44,519 views 17392 16420 data has been serialized....
DEBUG 2022-02-17 22:39:44,520 views 17392 16420 prepared......
DEBUG 2022-02-17 22:40:08,714 views 17392 28584 data has been serialized....
DEBUG 2022-02-17 22:40:08,714 views 17392 28584 prepared......
DEBUG 2022-02-17 22:40:12,294 views 17392 14324 data has been serialized....
DEBUG 2022-02-17 22:40:12,294 views 17392 14324 prepared......
DEBUG 2022-02-17 22:41:31,433 views 17392 23192 data has been serialized....
DEBUG 2022-02-17 22:41:31,433 views 17392 23192 prepared......
DEBUG 2022-02-17 22:42:45,038 views 14152 19516 data has been serialized....
DEBUG 2022-02-17 22:42:45,039 views 14152 19516 prepared......
DEBUG 2022-02-17 22:43:34,355 views 20800 27436 data has been serialized....
DEBUG 2022-02-17 22:43:34,356 views 20800 27436 prepared......
DEBUG 2022-02-17 22:45:27,543 views 20800 6520 data has been serialized....
DEBUG 2022-02-17 22:45:27,543 views 20800 6520 prepared......
DEBUG 2022-02-18 08:13:52,195 views 60 23892 data has been serialized....
DEBUG 2022-02-18 08:13:52,196 views 60 23892 prepared......
DEBUG 2022-02-18 08:19:10,617 views 60 13932 data has been serialized....
DEBUG 2022-02-18 08:19:10,618 views 60 13932 prepared......
DEBUG 2022-02-18 08:19:19,668 views 60 4160 data has been serialized....
DEBUG 2022-02-18 08:19:19,668 views 60 4160 prepared......
DEBUG 2022-02-18 08:19:42,542 views 60 29316 data has been serialized....
DEBUG 2022-02-18 08:19:42,543 views 60 29316 prepared......
DEBUG 2022-02-18 14:32:48,318 views 60 25272 data has been serialized....
DEBUG 2022-02-18 14:32:48,319 views 60 25272 prepared......
DEBUG 2022-02-18 14:33:31,104 views 60 10668 data has been serialized....
DEBUG 2022-02-18 14:33:31,104 views 60 10668 prepared......
DEBUG 2022-02-18 14:34:52,283 views 60 25024 data has been serialized....
DEBUG 2022-02-18 14:34:52,284 views 60 25024 prepared......
DEBUG 2022-02-18 14:35:17,319 views 60 5996 data has been serialized....
DEBUG 2022-02-18 14:35:17,319 views 60 5996 prepared......
DEBUG 2022-02-18 14:35:30,841 views 60 28240 data has been serialized....
DEBUG 2022-02-18 14:35:30,842 views 60 28240 prepared......
DEBUG 2022-02-18 14:38:35,172 views 60 9024 data has been serialized....
DEBUG 2022-02-18 14:38:35,172 views 60 9024 prepared......
DEBUG 2022-02-18 14:39:06,024 views 60 27892 data has been serialized....
DEBUG 2022-02-18 14:39:06,024 views 60 27892 prepared......
DEBUG 2022-02-18 14:39:22,430 views 60 3652 data has been serialized....
DEBUG 2022-02-18 14:39:22,431 views 60 3652 prepared......
DEBUG 2022-02-18 14:39:58,216 views 60 22240 data has been serialized....
DEBUG 2022-02-18 14:39:58,216 views 60 22240 prepared......
DEBUG 2022-02-18 14:41:02,397 views 60 7836 data has been serialized....
DEBUG 2022-02-18 14:41:02,398 views 60 7836 prepared......
DEBUG 2022-02-18 14:46:54,094 views 24228 28700 data has been serialized....
DEBUG 2022-02-18 14:46:54,095 views 24228 28700 prepared......
DEBUG 2022-02-18 14:47:19,285 views 24228 21004 data has been serialized....
DEBUG 2022-02-18 14:47:19,286 views 24228 21004 prepared......
DEBUG 2022-02-18 14:47:57,054 views 24228 31092 data has been serialized....
DEBUG 2022-02-18 14:47:57,054 views 24228 31092 prepared......
DEBUG 2022-02-18 14:48:15,911 views 24228 9040 data has been serialized....
DEBUG 2022-02-18 14:48:15,911 views 24228 9040 prepared......
DEBUG 2022-02-18 14:56:07,301 views 24228 21612 data has been serialized....
DEBUG 2022-02-18 14:56:07,302 views 24228 21612 prepared......
DEBUG 2022-02-18 14:57:34,397 views 24228 31332 data has been serialized....
DEBUG 2022-02-18 14:57:34,397 views 24228 31332 prepared......
DEBUG 2022-02-18 14:58:15,788 views 24228 11312 data has been serialized....
DEBUG 2022-02-18 14:58:15,788 views 24228 11312 prepared......
DEBUG 2022-02-18 15:00:13,217 views 24228 23400 data has been serialized....
DEBUG 2022-02-18 15:00:13,217 views 24228 23400 prepared......
DEBUG 2022-02-18 15:02:02,687 views 24228 17656 data has been serialized....
DEBUG 2022-02-18 15:02:02,688 views 24228 17656 prepared......
DEBUG 2022-02-18 15:03:34,991 views 20320 23004 data has been serialized....
DEBUG 2022-02-18 15:03:34,991 views 20320 23004 prepared......
DEBUG 2022-02-18 15:04:32,191 views 20320 27484 data has been serialized....
DEBUG 2022-02-18 15:04:32,192 views 20320 27484 prepared......
DEBUG 2022-02-18 15:05:39,236 views 24440 19140 data has been serialized....
DEBUG 2022-02-18 15:05:39,237 views 24440 19140 prepared......
DEBUG 2022-02-18 15:05:47,833 views 24440 24288 data has been serialized....
DEBUG 2022-02-18 15:05:47,833 views 24440 24288 prepared......
DEBUG 2022-02-18 15:05:51,534 views 24440 30532 data has been serialized....
DEBUG 2022-02-18 15:05:51,535 views 24440 30532 prepared......
DEBUG 2022-02-18 15:09:13,045 views 30328 15856 data has been serialized....
DEBUG 2022-02-18 15:09:13,046 views 30328 15856 prepared......
DEBUG 2022-02-18 15:10:31,943 views 23892 25128 data has been serialized....
DEBUG 2022-02-18 15:10:31,944 views 23892 25128 prepared......
DEBUG 2022-02-18 15:13:04,945 views 23836 26808 data has been serialized....
DEBUG 2022-02-18 15:13:04,945 views 23836 26808 prepared......
DEBUG 2022-02-18 15:14:32,931 views 29688 916 data has been serialized....
DEBUG 2022-02-18 15:21:28,658 views 28980 29472 data has been serialized....
DEBUG 2022-02-18 15:21:28,660 views 28980 29472 prepared......
DEBUG 2022-02-18 15:26:01,280 views 18804 20036 data has been serialized....
DEBUG 2022-02-18 15:26:01,280 views 18804 20036 prepared......
DEBUG 2022-02-18 15:27:26,696 views 31472 4996 data has been serialized....
DEBUG 2022-02-18 15:27:26,696 views 31472 4996 prepared......
DEBUG 2022-02-18 15:27:58,515 views 15784 26928 data has been serialized....
DEBUG 2022-02-18 15:27:58,516 views 15784 26928 prepared......
DEBUG 2022-02-18 15:40:09,250 views 25796 17172 data has been serialized....
DEBUG 2022-02-18 15:40:09,251 views 25796 17172 prepared......
DEBUG 2022-02-18 15:41:10,349 views 5032 1960 data has been serialized....
DEBUG 2022-02-18 15:41:10,350 views 5032 1960 prepared......
DEBUG 2022-02-18 15:43:06,881 views 5032 1328 data has been serialized....
DEBUG 2022-02-18 15:43:06,881 views 5032 1328 prepared......
DEBUG 2022-02-18 15:43:13,505 views 5032 19220 data has been serialized....
DEBUG 2022-02-18 15:43:13,506 views 5032 19220 prepared......
DEBUG 2022-02-18 15:44:42,419 views 31160 14072 data has been serialized....
DEBUG 2022-02-18 15:44:42,420 views 31160 14072 prepared......
DEBUG 2022-02-18 15:45:21,352 views 25560 31172 data has been serialized....
DEBUG 2022-02-18 15:45:21,353 views 25560 31172 prepared......
DEBUG 2022-02-18 15:45:55,504 views 29432 6076 data has been serialized....
DEBUG 2022-02-18 15:45:55,505 views 29432 6076 prepared......
DEBUG 2022-02-18 15:46:17,539 views 11176 24500 data has been serialized....
DEBUG 2022-02-18 15:46:17,539 views 11176 24500 prepared......
DEBUG 2022-02-18 15:48:19,824 views 11176 5736 data has been serialized....
DEBUG 2022-02-18 15:48:19,825 views 11176 5736 prepared......
DEBUG 2022-02-18 15:50:04,685 views 23528 7428 data has been serialized....
DEBUG 2022-02-18 15:50:04,685 views 23528 7428 prepared......
DEBUG 2022-02-18 15:50:20,555 views 23528 24908 data has been serialized....
DEBUG 2022-02-18 15:50:20,555 views 23528 24908 prepared......
DEBUG 2022-02-18 15:50:29,434 views 23528 12984 data has been serialized....
DEBUG 2022-02-18 15:50:29,434 views 23528 12984 prepared......
DEBUG 2022-02-18 15:50:40,332 views 23528 30128 data has been serialized....
DEBUG 2022-02-18 15:50:40,332 views 23528 30128 prepared......
DEBUG 2022-02-18 15:52:25,410 views 9704 25808 data has been serialized....
DEBUG 2022-02-18 15:52:25,411 views 9704 25808 prepared......
DEBUG 2022-02-18 15:52:59,541 views 9704 13224 data has been serialized....
DEBUG 2022-02-18 15:52:59,541 views 9704 13224 prepared......
DEBUG 2022-02-18 15:53:35,522 views 9704 17712 data has been serialized....
DEBUG 2022-02-18 15:53:35,522 views 9704 17712 prepared......
DEBUG 2022-02-18 15:55:24,845 views 9704 14960 data has been serialized....
DEBUG 2022-02-18 15:55:24,845 views 9704 14960 prepared......
DEBUG 2022-02-18 15:55:37,190 views 9704 8236 data has been serialized....
DEBUG 2022-02-18 15:55:37,190 views 9704 8236 prepared......
DEBUG 2022-02-18 15:57:58,737 views 9704 22396 data has been serialized....
DEBUG 2022-02-18 15:57:58,738 views 9704 22396 prepared......
DEBUG 2022-02-18 16:00:11,695 views 10440 23540 data has been serialized....
DEBUG 2022-02-18 16:00:11,695 views 10440 23540 prepared......
DEBUG 2022-02-18 16:26:00,831 views 11220 22052 data has been serialized....
DEBUG 2022-02-18 16:26:25,632 views 10280 10584 data has been serialized....
DEBUG 2022-02-18 16:26:25,632 views 10280 10584 prepared......
DEBUG 2022-02-18 16:26:52,143 views 10280 23512 data has been serialized....
DEBUG 2022-02-18 16:26:52,143 views 10280 23512 prepared......
DEBUG 2022-02-18 17:07:30,659 views 17740 26212 data has been serialized....
DEBUG 2022-02-18 17:07:30,661 views 17740 26212 prepared......
DEBUG 2022-02-18 17:30:46,930 views 28392 8284 data has been serialized....
DEBUG 2022-02-18 17:30:46,932 views 28392 8284 prepared......
DEBUG 2022-02-18 17:31:17,357 views 28392 28168 data has been serialized....
DEBUG 2022-02-18 17:31:17,357 views 28392 28168 prepared......
DEBUG 2022-02-18 17:31:43,103 views 28392 9540 data has been serialized....
DEBUG 2022-02-18 17:31:43,103 views 28392 9540 prepared......
DEBUG 2022-02-18 17:32:16,450 views 28392 31244 data has been serialized....
DEBUG 2022-02-18 17:32:16,451 views 28392 31244 prepared......
DEBUG 2022-02-18 17:32:20,507 views 28392 27856 data has been serialized....
DEBUG 2022-02-18 17:32:20,507 views 28392 27856 prepared......
DEBUG 2022-02-18 17:32:34,647 views 28392 23452 data has been serialized....
DEBUG 2022-02-18 17:32:34,648 views 28392 23452 prepared......
DEBUG 2022-02-18 17:33:26,267 views 28392 24644 data has been serialized....
DEBUG 2022-02-18 17:33:26,268 views 28392 24644 prepared......
DEBUG 2022-02-18 17:33:44,124 views 28392 22108 data has been serialized....
DEBUG 2022-02-18 17:33:44,124 views 28392 22108 prepared......
DEBUG 2022-02-18 17:33:53,057 views 28392 22124 data has been serialized....
DEBUG 2022-02-18 17:33:53,057 views 28392 22124 prepared......
DEBUG 2022-02-18 17:34:57,595 views 28392 11188 data has been serialized....
DEBUG 2022-02-18 17:34:57,595 views 28392 11188 prepared......
DEBUG 2022-02-18 17:35:31,042 views 28392 25808 data has been serialized....
DEBUG 2022-02-18 17:35:31,043 views 28392 25808 prepared......
DEBUG 2022-02-18 17:44:02,768 views 28392 9996 data has been serialized....
DEBUG 2022-02-18 17:44:02,768 views 28392 9996 prepared......
DEBUG 2022-02-18 17:45:31,879 views 28392 26496 data has been serialized....
DEBUG 2022-02-18 17:45:31,879 views 28392 26496 prepared......
DEBUG 2022-02-18 17:45:46,119 views 28392 7108 data has been serialized....
DEBUG 2022-02-18 17:45:46,120 views 28392 7108 prepared......
DEBUG 2022-02-18 17:47:36,484 views 28392 6548 data has been serialized....
DEBUG 2022-02-18 17:47:36,485 views 28392 6548 prepared......
DEBUG 2022-02-18 17:47:39,499 views 28392 6524 data has been serialized....
DEBUG 2022-02-18 17:47:39,499 views 28392 6524 prepared......
DEBUG 2022-02-18 17:47:48,848 views 28392 18096 data has been serialized....
DEBUG 2022-02-18 17:47:48,848 views 28392 18096 prepared......
DEBUG 2022-02-18 17:48:07,243 views 28392 29984 data has been serialized....
DEBUG 2022-02-18 17:48:07,243 views 28392 29984 prepared......
DEBUG 2022-02-18 17:48:56,161 views 28392 19024 data has been serialized....
DEBUG 2022-02-18 17:48:56,162 views 28392 19024 prepared......
DEBUG 2022-02-18 17:49:09,834 views 28392 20376 data has been serialized....
DEBUG 2022-02-18 17:49:09,834 views 28392 20376 prepared......
DEBUG 2022-02-18 17:49:43,671 views 28392 12552 data has been serialized....
DEBUG 2022-02-18 17:49:43,671 views 28392 12552 prepared......
DEBUG 2022-02-18 17:51:19,326 views 28392 24572 data has been serialized....
DEBUG 2022-02-18 17:51:19,326 views 28392 24572 prepared......
DEBUG 2022-02-18 17:51:36,915 views 28392 17100 data has been serialized....
DEBUG 2022-02-18 17:51:36,916 views 28392 17100 prepared......
DEBUG 2022-02-18 17:53:08,849 views 28392 24460 data has been serialized....
DEBUG 2022-02-18 17:53:08,849 views 28392 24460 prepared......
DEBUG 2022-02-18 17:53:26,096 views 28392 18572 data has been serialized....
DEBUG 2022-02-18 17:53:26,096 views 28392 18572 prepared......
DEBUG 2022-02-18 17:53:40,357 views 28392 21452 data has been serialized....
DEBUG 2022-02-18 17:53:40,358 views 28392 21452 prepared......
DEBUG 2022-02-18 17:55:29,961 views 28392 19016 data has been serialized....
DEBUG 2022-02-18 17:55:29,962 views 28392 19016 prepared......
DEBUG 2022-02-18 17:56:11,831 views 28392 3288 data has been serialized....
DEBUG 2022-02-18 17:56:11,831 views 28392 3288 prepared......
DEBUG 2022-02-18 17:56:33,525 views 28392 3668 data has been serialized....
DEBUG 2022-02-18 17:56:33,526 views 28392 3668 prepared......
DEBUG 2022-02-18 17:59:26,996 views 28392 4648 data has been serialized....
DEBUG 2022-02-18 17:59:26,996 views 28392 4648 prepared......
DEBUG 2022-02-18 17:59:38,349 views 28392 30252 data has been serialized....
DEBUG 2022-02-18 17:59:38,350 views 28392 30252 prepared......
DEBUG 2022-02-18 17:59:53,824 views 28392 25472 data has been serialized....
DEBUG 2022-02-18 17:59:53,825 views 28392 25472 prepared......
DEBUG 2022-02-18 18:00:15,968 views 28392 20848 data has been serialized....
DEBUG 2022-02-18 18:00:15,969 views 28392 20848 prepared......
DEBUG 2022-02-18 18:22:00,123 views 7656 21008 data has been serialized....
DEBUG 2022-02-18 18:22:00,124 views 7656 21008 prepared......
DEBUG 2022-02-18 19:21:12,820 views 21104 21492 data has been serialized....
DEBUG 2022-02-18 19:21:12,822 views 21104 21492 prepared......
DEBUG 2022-02-18 19:22:08,149 views 21104 21424 data has been serialized....
DEBUG 2022-02-18 19:22:08,149 views 21104 21424 prepared......
DEBUG 2022-02-18 19:23:16,014 views 21104 1916 data has been serialized....
DEBUG 2022-02-18 19:23:16,014 views 21104 1916 prepared......
DEBUG 2022-02-18 19:23:36,509 views 21104 9272 data has been serialized....
DEBUG 2022-02-18 19:23:36,510 views 21104 9272 prepared......
DEBUG 2022-02-18 19:24:51,919 views 21104 27928 data has been serialized....
DEBUG 2022-02-18 19:24:51,919 views 21104 27928 prepared......
DEBUG 2022-02-18 19:25:11,818 views 21104 25408 data has been serialized....
DEBUG 2022-02-18 19:25:11,818 views 21104 25408 prepared......
DEBUG 2022-02-18 19:26:19,776 views 21104 24440 data has been serialized....
DEBUG 2022-02-18 19:26:19,776 views 21104 24440 prepared......
DEBUG 2022-02-18 19:29:13,404 views 21068 28520 data has been serialized....
DEBUG 2022-02-18 19:29:13,405 views 21068 28520 prepared......
DEBUG 2022-02-18 19:31:39,637 views 21068 30612 data has been serialized....
DEBUG 2022-02-18 19:31:39,637 views 21068 30612 prepared......
DEBUG 2022-02-18 19:32:10,573 views 21068 24172 data has been serialized....
DEBUG 2022-02-18 19:32:10,574 views 21068 24172 prepared......
DEBUG 2022-02-18 19:32:46,915 views 21068 22472 data has been serialized....
DEBUG 2022-02-18 19:32:46,915 views 21068 22472 prepared......
DEBUG 2022-02-18 19:33:12,295 views 21068 21592 data has been serialized....
DEBUG 2022-02-18 19:33:12,296 views 21068 21592 prepared......
DEBUG 2022-02-18 19:34:31,814 views 21068 16020 data has been serialized....
DEBUG 2022-02-18 19:34:31,815 views 21068 16020 prepared......
DEBUG 2022-02-18 19:36:37,420 views 21068 23864 data has been serialized....
DEBUG 2022-02-18 19:36:37,420 views 21068 23864 prepared......
DEBUG 2022-02-18 19:36:40,885 views 21068 2072 data has been serialized....
DEBUG 2022-02-18 19:36:40,885 views 21068 2072 prepared......
DEBUG 2022-02-18 19:37:04,502 views 21068 26888 data has been serialized....
DEBUG 2022-02-18 19:37:04,505 views 21068 26888 prepared......
DEBUG 2022-02-18 19:43:49,171 views 27036 9580 data has been serialized....
DEBUG 2022-02-18 19:43:49,172 views 27036 9580 prepared......
DEBUG 2022-02-18 19:50:31,301 views 27036 23272 data has been serialized....
DEBUG 2022-02-18 19:50:31,301 views 27036 23272 prepared......
DEBUG 2022-02-18 19:53:05,923 views 27036 26784 data has been serialized....
DEBUG 2022-02-18 19:53:05,926 views 27036 26784 prepared......
DEBUG 2022-02-18 20:01:13,789 views 19608 24132 data has been serialized....
DEBUG 2022-02-18 20:01:13,790 views 19608 24132 prepared......
DEBUG 2022-02-18 21:25:29,536 views 19608 26292 data has been serialized....
DEBUG 2022-02-18 21:25:29,537 views 19608 26292 prepared......
DEBUG 2022-02-18 21:26:39,836 views 19608 31368 data has been serialized....
DEBUG 2022-02-18 21:26:39,836 views 19608 31368 prepared......
DEBUG 2022-02-18 21:27:23,707 views 19608 8604 data has been serialized....
DEBUG 2022-02-18 21:27:23,707 views 19608 8604 prepared......
DEBUG 2022-02-18 21:28:10,647 views 19608 12416 data has been serialized....
DEBUG 2022-02-18 21:28:10,647 views 19608 12416 prepared......
DEBUG 2022-02-19 09:47:34,943 views 22728 10552 data has been serialized....
DEBUG 2022-02-19 09:47:34,944 views 22728 10552 prepared......
DEBUG 2022-02-19 09:52:00,500 views 10264 4160 data has been serialized....
DEBUG 2022-02-19 09:52:00,501 views 10264 4160 prepared......
DEBUG 2022-02-19 10:52:03,224 views 11964 23372 data has been serialized....
DEBUG 2022-02-19 10:52:03,225 views 11964 23372 prepared......
DEBUG 2022-02-19 11:12:05,907 views 26520 24524 data has been serialized....
DEBUG 2022-02-19 11:12:05,908 views 26520 24524 prepared......
DEBUG 2022-02-19 12:27:08,921 views 12364 25232 data has been serialized....
DEBUG 2022-02-19 12:27:08,922 views 12364 25232 prepared......
DEBUG 2022-02-19 12:28:30,664 views 12364 19028 data has been serialized....
DEBUG 2022-02-19 12:28:30,665 views 12364 19028 prepared......
DEBUG 2022-02-19 12:28:38,909 views 12364 18516 data has been serialized....
DEBUG 2022-02-19 12:28:38,909 views 12364 18516 prepared......
DEBUG 2022-02-19 12:28:47,976 views 12364 30168 data has been serialized....
DEBUG 2022-02-19 12:28:47,977 views 12364 30168 prepared......
DEBUG 2022-02-19 12:29:21,450 views 12364 572 data has been serialized....
DEBUG 2022-02-19 12:29:21,450 views 12364 572 prepared......
DEBUG 2022-02-19 12:29:25,994 views 12364 2352 data has been serialized....
DEBUG 2022-02-19 12:29:25,994 views 12364 2352 prepared......
DEBUG 2022-02-19 12:30:37,744 views 12364 23084 data has been serialized....
DEBUG 2022-02-19 12:30:37,744 views 12364 23084 prepared......
DEBUG 2022-02-19 12:33:57,317 views 12364 25040 data has been serialized....
DEBUG 2022-02-19 12:33:57,317 views 12364 25040 prepared......
DEBUG 2022-02-19 12:34:19,765 views 12364 14008 data has been serialized....
DEBUG 2022-02-19 12:34:19,765 views 12364 14008 prepared......
DEBUG 2022-02-19 12:34:43,086 views 12364 29620 data has been serialized....
DEBUG 2022-02-19 12:34:43,086 views 12364 29620 prepared......
DEBUG 2022-02-19 12:36:10,446 views 12364 18968 data has been serialized....
DEBUG 2022-02-19 12:36:10,447 views 12364 18968 prepared......
DEBUG 2022-02-19 12:38:18,655 views 12364 23412 data has been serialized....
DEBUG 2022-02-19 12:38:18,656 views 12364 23412 prepared......
DEBUG 2022-02-19 12:41:55,772 views 12364 10396 data has been serialized....
DEBUG 2022-02-19 12:41:55,773 views 12364 10396 prepared......
DEBUG 2022-02-19 12:48:27,466 views 12364 16532 data has been serialized....
DEBUG 2022-02-19 12:48:27,466 views 12364 16532 prepared......
DEBUG 2022-02-19 12:49:49,539 views 12364 17816 data has been serialized....
DEBUG 2022-02-19 12:49:49,540 views 12364 17816 prepared......
DEBUG 2022-02-19 12:50:26,286 views 12364 12864 data has been serialized....
DEBUG 2022-02-19 12:50:26,287 views 12364 12864 prepared......
DEBUG 2022-02-19 12:50:38,412 views 12364 22336 data has been serialized....
DEBUG 2022-02-19 12:50:38,412 views 12364 22336 prepared......
DEBUG 2022-02-19 14:37:16,477 views 20180 26700 data has been serialized....
DEBUG 2022-02-19 14:37:16,478 views 20180 26700 prepared......
ERROR 2022-02-19 17:51:34,064 api 23952 5504 error has been occurred during parsing XML or text declaration not at start of entity: line 3, column 0
DEBUG 2022-02-19 17:52:56,033 views 23952 22616 data has been serialized....
DEBUG 2022-02-19 17:52:56,033 views 23952 22616 prepared......
DEBUG 2022-02-19 19:03:20,474 views 24900 11180 data has been serialized....
DEBUG 2022-02-19 19:03:20,476 views 24900 11180 prepared......
DEBUG 2022-02-19 21:17:19,306 views 18940 5568 data has been serialized....
DEBUG 2022-02-19 21:17:19,307 views 18940 5568 prepared......
DEBUG 2022-02-19 21:46:23,158 views 18940 33300 data has been serialized....
DEBUG 2022-02-19 21:46:23,161 views 18940 33300 prepared......
ERROR 2022-02-20 17:47:09,418 api 13716 4772 error has been occurred during parsing XML or text declaration not at start of entity: line 3, column 0
ERROR 2022-02-20 17:47:09,420 views 13716 4772 invalid credentials has been detected.....
ERROR 2022-02-20 17:48:26,958 api 13716 4772 error has been occurred during parsing XML or text declaration not at start of entity: line 3, column 0
ERROR 2022-02-20 17:48:26,959 views 13716 4772 invalid credentials has been detected.....
ERROR 2022-02-20 17:49:14,580 api 12492 1444 error has been occurred during parsing XML or text declaration not at start of entity: line 3, column 0
ERROR 2022-02-20 17:49:14,581 views 12492 1444 invalid credentials has been detected.....
ERROR 2022-02-20 17:53:24,328 api 12492 1444 error has been occurred during parsing XML or text declaration not at start of entity: line 3, column 0
ERROR 2022-02-20 17:53:24,328 views 12492 1444 invalid credentials has been detected.....
ERROR 2022-02-20 18:01:35,714 api 6840 4992 error has been occurred during parsing: XML or text declaration not at start of entity: line 3, column 0
DEBUG 2022-02-20 18:11:56,642 views 11200 5916 prepared......
DEBUG 2022-02-20 18:13:31,003 views 11200 5916 prepared......
DEBUG 2022-02-20 20:06:09,522 views 19376 16416 prepared......
DEBUG 2022-02-21 14:17:20,969 views 7608 2648 prepared......
ERROR 2022-02-21 14:20:12,723 api 16524 20688 error has been occurred during parsing: XML or text declaration not at start of entity: line 3, column 0
ERROR 2022-02-21 14:33:38,883 api 16664 20108 error has been occurred during parsing: XML or text declaration not at start of entity: line 3, column 0
DEBUG 2022-02-21 15:01:39,920 views 7304 18036 data has been sended to server event url...
DEBUG 2022-02-21 15:02:23,483 views 7304 18036 data has been sended to server event url...
DEBUG 2022-02-21 15:03:10,753 views 7304 18036 data has been sended to server event url...
ERROR 2022-02-21 15:10:28,569 api 16476 22060 error has been occurred during parsing: XML or text declaration not at start of entity: line 3, column 0
DEBUG 2022-02-21 15:12:46,530 views 21520 5960 prepared......
ERROR 2022-02-21 15:13:28,368 api 21520 5960 error has been occurred during parsing: XML or text declaration not at start of entity: line 3, column 0
DEBUG 2022-02-21 15:20:45,336 views 17844 21720 prepared......
DEBUG 2022-02-21 15:23:21,843 views 17844 21720 prepared......
DEBUG 2022-02-21 15:24:00,467 views 17844 21720 prepared......
DEBUG 2022-02-21 15:24:23,059 views 17844 21720 prepared......
DEBUG 2022-02-21 15:25:40,219 views 17844 21720 prepared......
DEBUG 2022-02-21 15:25:59,040 views 17844 21720 prepared......
DEBUG 2022-02-21 15:26:23,442 views 17844 21720 prepared......
DEBUG 2022-02-21 15:26:36,716 views 17844 21720 prepared......
DEBUG 2022-02-21 15:30:01,203 views 17844 21720 prepared......
DEBUG 2022-02-21 15:31:55,296 views 17844 21720 prepared......
DEBUG 2022-02-21 15:32:05,743 views 17844 21720 prepared......
ERROR 2022-02-21 15:32:35,892 api 17844 21720 error has been occurred during parsing: XML or text declaration not at start of entity: line 3, column 0
DEBUG 2022-02-21 15:43:16,852 views 12672 22000 data has been sended to server event url...
DEBUG 2022-02-21 15:53:22,848 views 10224 21252 data has been sended to server event url...
DEBUG 2022-02-21 18:10:00,501 views 23124 21844 session not found with this session_key: null
DEBUG 2022-02-21 18:11:00,823 views 23124 21844 session data has been recovered.....
DEBUG 2022-02-21 18:11:00,823 views 23124 21844 prepared......
DEBUG 2022-02-21 18:11:28,187 views 23124 21844 session data has been recovered.....
DEBUG 2022-02-21 18:11:28,187 views 23124 21844 prepared......
DEBUG 2022-02-21 18:11:31,432 views 23124 21844 session data has been recovered.....
DEBUG 2022-02-21 18:11:31,432 views 23124 21844 prepared......
DEBUG 2022-02-21 18:20:04,977 views 23124 21844 session data has been recovered.....
DEBUG 2022-02-21 18:20:04,977 views 23124 21844 prepared......
DEBUG 2022-02-21 18:26:05,553 views 23124 21844 session data has been recovered.....
DEBUG 2022-02-21 18:26:05,554 views 23124 21844 prepared......
DEBUG 2022-02-21 18:26:43,370 views 23124 21844 session data has been recovered.....
DEBUG 2022-02-21 18:26:43,370 views 23124 21844 prepared......
DEBUG 2022-02-21 19:56:11,619 views 9712 3548 session not found with this session_key: null
DEBUG 2022-02-21 19:56:26,491 views 9712 3548 session data has been recovered.....
DEBUG 2022-02-21 19:56:26,492 views 9712 3548 prepared......
DEBUG 2022-02-21 19:58:04,423 views 9712 3548 session not found with this session_key: null
DEBUG 2022-02-21 19:58:08,924 views 9712 3548 session not found with this session_key: null
ERROR 2022-02-21 20:01:33,272 api 9712 3548 error has been occurred during parsing: XML or text declaration not at start of entity: line 3, column 0
DEBUG 2022-02-21 20:02:21,811 views 9712 3548 session not found with this session_key: null
DEBUG 2022-02-21 20:02:30,343 views 9712 3548 session data has been recovered.....
DEBUG 2022-02-21 20:02:30,344 views 9712 3548 prepared......
DEBUG 2022-02-21 20:02:45,981 views 9712 3548 session data has been recovered.....
DEBUG 2022-02-21 20:02:45,981 views 9712 3548 prepared......
DEBUG 2022-02-21 20:04:33,020 views 9712 3548 session data has been recovered.....
DEBUG 2022-02-21 20:04:33,020 views 9712 3548 prepared......
DEBUG 2022-02-21 20:05:08,943 views 9712 3548 session not found with this session_key: null
DEBUG 2022-02-21 20:05:19,662 views 9712 3548 session data has been recovered.....
DEBUG 2022-02-21 20:05:19,662 views 9712 3548 prepared......
DEBUG 2022-02-21 20:14:24,604 views 9712 3548 session data has been recovered.....
DEBUG 2022-02-21 20:14:24,605 views 9712 3548 prepared......
DEBUG 2022-02-21 20:14:42,773 views 9712 3548 session data has been recovered.....
DEBUG 2022-02-21 20:14:42,773 views 9712 3548 prepared......
DEBUG 2022-02-21 20:15:03,488 views 9712 3548 session data has been recovered.....
DEBUG 2022-02-21 20:15:03,489 views 9712 3548 prepared......
DEBUG 2022-02-21 20:15:16,338 views 9712 3548 session data has been recovered.....
DEBUG 2022-02-21 20:15:16,338 views 9712 3548 prepared......
DEBUG 2022-02-21 20:15:50,150 views 9712 3548 session data has been recovered.....
DEBUG 2022-02-21 20:15:50,151 views 9712 3548 prepared......
DEBUG 2022-02-21 20:24:18,803 views 16704 19264 session data has been recovered.....
DEBUG 2022-02-21 20:24:18,804 views 16704 19264 prepared......
DEBUG 2022-02-21 20:24:44,722 views 16704 19264 session data has been recovered.....
DEBUG 2022-02-21 20:24:44,722 views 16704 19264 prepared......
DEBUG 2022-02-21 20:27:05,593 views 19048 20068 session data has been recovered.....
DEBUG 2022-02-21 20:27:05,593 views 19048 20068 prepared......
DEBUG 2022-02-21 20:32:38,557 views 19048 20068 session not found with this session_key: null
DEBUG 2022-02-21 20:32:56,793 views 19048 20068 session data has been recovered.....
DEBUG 2022-02-21 20:32:56,793 views 19048 20068 prepared......
DEBUG 2022-02-21 20:33:16,376 views 19048 20068 session data has been recovered.....
DEBUG 2022-02-21 20:33:16,377 views 19048 20068 prepared......
DEBUG 2022-02-21 21:11:51,402 views 24508 8804 session not found with this session_key: null
DEBUG 2022-02-21 21:13:14,756 views 24508 8804 session data has been recovered.....
DEBUG 2022-02-21 21:13:14,757 views 24508 8804 prepared......
DEBUG 2022-02-22 08:20:33,650 views 10708 1176 session data has been recovered.....
DEBUG 2022-02-22 08:20:33,654 views 10708 1176 prepared......
DEBUG 2022-02-22 08:20:57,783 views 10708 1176 session data has been recovered.....
DEBUG 2022-02-22 08:20:57,783 views 10708 1176 prepared......
DEBUG 2022-02-22 08:21:30,634 views 24136 15160 session data has been recovered.....
DEBUG 2022-02-22 08:21:30,635 views 24136 15160 prepared......
DEBUG 2022-02-22 08:21:46,739 views 24136 15160 session data has been recovered.....
DEBUG 2022-02-22 08:21:46,740 views 24136 15160 prepared......
DEBUG 2022-02-22 08:23:17,959 views 15708 22404 session data has been recovered.....
DEBUG 2022-02-22 08:23:17,959 views 15708 22404 prepared......
DEBUG 2022-02-22 08:23:33,077 views 15708 22404 session data has been recovered.....
DEBUG 2022-02-22 08:23:33,077 views 15708 22404 prepared......
DEBUG 2022-02-22 16:02:34,566 views 27356 20456 session data has been recovered.....
DEBUG 2022-02-22 16:02:34,568 views 27356 20456 prepared......
DEBUG 2022-02-22 16:03:03,658 views 27356 20456 session data has been recovered.....
DEBUG 2022-02-22 16:03:03,659 views 27356 20456 prepared......
DEBUG 2022-02-22 16:04:50,545 views 27356 20456 session data has been recovered.....
DEBUG 2022-02-22 16:04:50,546 views 27356 20456 prepared......
DEBUG 2022-02-22 16:05:06,872 views 27356 20456 session data has been recovered.....
DEBUG 2022-02-22 16:05:06,872 views 27356 20456 prepared......
DEBUG 2022-02-22 16:07:07,264 views 27356 20456 session data has been recovered.....
DEBUG 2022-02-22 16:07:07,264 views 27356 20456 prepared......
DEBUG 2022-02-22 16:07:50,596 views 27356 20456 session data has been recovered.....
DEBUG 2022-02-22 16:07:50,596 views 27356 20456 prepared......
DEBUG 2022-02-22 16:08:04,113 views 27356 20456 session data has been recovered.....
DEBUG 2022-02-22 16:08:04,114 views 27356 20456 prepared......
DEBUG 2022-02-22 16:10:29,231 views 22024 21944 session data has been recovered.....
DEBUG 2022-02-22 16:10:29,232 views 22024 21944 prepared......
DEBUG 2022-02-22 16:14:15,524 views 10868 10368 session data has been recovered.....
DEBUG 2022-02-22 16:14:15,524 views 10868 10368 prepared......
DEBUG 2022-02-22 16:14:24,768 views 10868 10368 session data has been recovered.....
DEBUG 2022-02-22 16:14:24,768 views 10868 10368 prepared......
DEBUG 2022-02-22 16:15:11,099 views 10868 10368 session data has been recovered.....
DEBUG 2022-02-22 16:15:11,100 views 10868 10368 prepared......
DEBUG 2022-02-22 16:15:33,891 views 10868 10368 session data has been recovered.....
DEBUG 2022-02-22 16:15:33,891 views 10868 10368 prepared......
DEBUG 2022-02-22 16:18:54,100 views 10868 10368 session data has been recovered.....
DEBUG 2022-02-22 16:18:54,100 views 10868 10368 prepared......
DEBUG 2022-02-22 16:19:02,534 views 23872 12880 session data has been recovered.....
DEBUG 2022-02-22 16:19:02,534 views 23872 12880 prepared......
DEBUG 2022-02-22 16:23:13,508 views 13996 24196 session data has been recovered.....
DEBUG 2022-02-22 16:23:13,508 views 13996 24196 prepared......
DEBUG 2022-02-22 16:24:06,380 views 13996 24196 session data has been recovered.....
DEBUG 2022-02-22 16:24:06,380 views 13996 24196 prepared......
DEBUG 2022-02-22 16:24:09,532 views 13996 24196 session data has been recovered.....
DEBUG 2022-02-22 16:24:09,533 views 13996 24196 prepared......
DEBUG 2022-02-22 16:24:12,382 views 13996 24196 session data has been recovered.....
DEBUG 2022-02-22 16:24:12,382 views 13996 24196 prepared......
DEBUG 2022-02-22 17:41:57,000 views 5816 23516 session data has been recovered.....
DEBUG 2022-02-22 17:41:57,004 views 5816 23516 prepared......
DEBUG 2022-02-22 17:42:39,531 views 4672 21184 session data has been recovered.....
DEBUG 2022-02-22 17:42:39,532 views 4672 21184 prepared......
DEBUG 2022-02-22 17:42:53,329 views 4672 21184 session data has been recovered.....
DEBUG 2022-02-22 17:42:53,330 views 4672 21184 prepared......
DEBUG 2022-02-22 17:43:07,862 views 4672 21184 session data has been recovered.....
DEBUG 2022-02-22 17:43:07,863 views 4672 21184 prepared......
DEBUG 2022-02-22 17:43:10,670 views 4672 21184 session data has been recovered.....
DEBUG 2022-02-22 17:43:10,670 views 4672 21184 prepared......
DEBUG 2022-02-22 17:43:26,677 views 4672 21184 session data has been recovered.....
DEBUG 2022-02-22 17:43:26,677 views 4672 21184 prepared......
DEBUG 2022-02-22 17:48:45,782 views 17228 18356 session data has been recovered.....
DEBUG 2022-02-22 17:48:45,782 views 17228 18356 prepared......
DEBUG 2022-02-22 17:49:00,298 views 17228 18356 session data has been recovered.....
DEBUG 2022-02-22 17:49:00,298 views 17228 18356 prepared......
DEBUG 2022-02-22 17:53:28,609 views 6364 26444 session data has been recovered.....
DEBUG 2022-02-22 17:53:28,609 views 6364 26444 prepared......
DEBUG 2022-02-22 17:54:14,750 views 6364 26444 session data has been recovered.....
DEBUG 2022-02-22 17:54:14,751 views 6364 26444 prepared......
DEBUG 2022-02-22 17:54:18,334 views 6364 26444 session data has been recovered.....
DEBUG 2022-02-22 17:54:18,334 views 6364 26444 prepared......
DEBUG 2022-02-22 21:42:13,766 views 21176 3856 session data has been recovered.....
DEBUG 2022-02-22 21:42:13,769 views 21176 3856 returning csv chunks data.....
DEBUG 2022-02-22 23:35:57,928 views 9084 15744 session data has been recovered.....
DEBUG 2022-02-22 23:35:57,931 views 9084 15744 returning csv chunks data.....
DEBUG 2022-02-22 23:36:01,372 views 9084 5740 session data has been recovered.....
DEBUG 2022-02-22 23:36:01,373 views 9084 5740 returning csv chunks data.....
DEBUG 2022-02-22 23:36:05,496 views 9084 26600 session data has been recovered.....
DEBUG 2022-02-22 23:36:05,497 views 9084 26600 returning csv chunks data.....
DEBUG 2022-02-22 23:36:28,040 views 9084 19884 session data has been recovered.....
DEBUG 2022-02-22 23:36:28,041 views 9084 19884 returning csv chunks data.....
DEBUG 2022-02-22 23:36:31,144 views 9084 4144 session data has been recovered.....
DEBUG 2022-02-22 23:36:31,145 views 9084 4144 returning csv chunks data.....
DEBUG 2022-02-22 23:36:48,999 views 9084 27276 session data has been recovered.....
DEBUG 2022-02-22 23:36:49,000 views 9084 27276 returning csv chunks data.....
DEBUG 2022-02-22 23:37:25,946 views 9084 17480 session data has been recovered.....
DEBUG 2022-02-22 23:37:25,946 views 9084 17480 returning csv chunks data.....
DEBUG 2022-02-22 23:37:28,701 views 9084 19744 session data has been recovered.....
DEBUG 2022-02-22 23:37:28,701 views 9084 19744 returning csv chunks data.....
DEBUG 2022-02-22 23:37:58,461 views 9084 13456 session data has been recovered.....
DEBUG 2022-02-22 23:37:58,462 views 9084 13456 returning csv chunks data.....
DEBUG 2022-02-22 23:38:09,112 views 9084 20792 session data has been recovered.....
DEBUG 2022-02-22 23:38:09,112 views 9084 20792 returning csv chunks data.....
DEBUG 2022-02-22 23:38:58,075 views 9084 4432 session data has been recovered.....
DEBUG 2022-02-22 23:38:58,075 views 9084 4432 returning csv chunks data.....
DEBUG 2022-02-22 23:39:00,770 views 9084 23840 session data has been recovered.....
DEBUG 2022-02-22 23:39:00,770 views 9084 23840 returning csv chunks data.....
DEBUG 2022-02-22 23:39:37,599 views 9084 12860 session data has been recovered.....
DEBUG 2022-02-22 23:39:37,600 views 9084 12860 returning csv chunks data.....
DEBUG 2022-02-22 23:42:06,650 views 9084 6372 session data has been recovered.....
DEBUG 2022-02-22 23:42:06,650 views 9084 6372 returning csv chunks data.....
DEBUG 2022-02-22 23:42:09,866 views 9084 22048 session data has been recovered.....
DEBUG 2022-02-22 23:42:09,866 views 9084 22048 returning csv chunks data.....
DEBUG 2022-02-22 23:42:46,036 views 9084 12832 session data has been recovered.....
DEBUG 2022-02-22 23:42:46,037 views 9084 12832 returning csv chunks data.....
DEBUG 2022-02-23 10:58:47,315 views 23188 3464 session data has been recovered.....
DEBUG 2022-02-23 10:58:47,315 views 23188 3464 returning csv chunks data.....
DEBUG 2022-02-23 10:58:54,018 views 23188 22820 session data has been recovered.....
DEBUG 2022-02-23 10:58:54,019 views 23188 22820 returning csv chunks data.....
DEBUG 2022-02-23 10:59:01,018 views 23188 23452 session data has been recovered.....
DEBUG 2022-02-23 10:59:01,019 views 23188 23452 returning csv chunks data.....
DEBUG 2022-02-23 10:59:18,139 views 23188 26660 session data has been recovered.....
DEBUG 2022-02-23 10:59:18,139 views 23188 26660 returning csv chunks data.....
DEBUG 2022-02-23 10:59:36,189 views 23188 16120 session data has been recovered.....
DEBUG 2022-02-23 10:59:36,190 views 23188 16120 returning csv chunks data.....
DEBUG 2022-02-23 10:59:57,304 views 23188 1440 session data has been recovered.....
DEBUG 2022-02-23 10:59:57,304 views 23188 1440 returning csv chunks data.....
DEBUG 2022-02-23 11:00:41,337 views 23188 18860 session data has been recovered.....
DEBUG 2022-02-23 11:00:41,337 views 23188 18860 returning csv chunks data.....
DEBUG 2022-02-23 11:00:55,035 views 23188 17540 session data has been recovered.....
DEBUG 2022-02-23 11:00:55,035 views 23188 17540 returning csv chunks data.....
DEBUG 2022-02-23 11:02:42,476 views 23188 4792 session data has been recovered.....
DEBUG 2022-02-23 11:02:42,476 views 23188 4792 returning csv chunks data.....
DEBUG 2022-02-23 11:02:56,629 views 23188 18456 session data has been recovered.....
DEBUG 2022-02-23 11:02:56,630 views 23188 18456 returning csv chunks data.....
DEBUG 2022-02-23 11:03:41,168 views 23188 20940 session data has been recovered.....
DEBUG 2022-02-23 11:03:41,168 views 23188 20940 returning csv chunks data.....
DEBUG 2022-02-23 11:04:04,719 views 23188 22412 session data has been recovered.....
DEBUG 2022-02-23 11:04:04,719 views 23188 22412 returning csv chunks data.....
DEBUG 2022-02-23 11:04:34,891 views 23188 11252 session data has been recovered.....
DEBUG 2022-02-23 11:04:34,891 views 23188 11252 returning csv chunks data.....
DEBUG 2022-02-23 11:07:12,410 views 23188 2860 session data has been recovered.....
DEBUG 2022-02-23 11:07:12,410 views 23188 2860 returning csv chunks data.....
DEBUG 2022-02-23 11:25:58,694 views 23188 24896 session data has been recovered.....
DEBUG 2022-02-23 11:25:58,695 views 23188 24896 returning csv chunks data.....
DEBUG 2022-02-23 11:44:52,847 views 11756 8248 session data has been recovered.....
DEBUG 2022-02-23 11:44:52,848 views 11756 8248 returning csv chunks data.....
DEBUG 2022-02-24 14:54:30,478 views 1116 4784 session data has been recovered.....
DEBUG 2022-02-24 14:54:30,480 views 1116 4784 returning csv chunks data.....
